# JRE version: OpenJDK Runtime Environment (7.0_55-b14) (build 1.7.0_55-b14)
# Java VM: OpenJDK 64-Bit Server VM (24.51-b03 mixed mode linux-amd64 compressed oops)
Heap
 PSYoungGen      total 197632K, used 197632K [0x00000000f1a00000, 0x0000000100000000, 0x0000000100000000)
  eden space 193536K, 100% used [0x00000000f1a00000,0x00000000fd700000,0x00000000fd700000)
  from space 4096K, 100% used [0x00000000ffc00000,0x0000000100000000,0x0000000100000000)
  to   space 20992K, 0% used [0x00000000fd700000,0x00000000fd700000,0x00000000feb80000)
 ParOldGen       total 471040K, used 340733K [0x00000000d4e00000, 0x00000000f1a00000, 0x00000000f1a00000)
  object space 471040K, 72% used [0x00000000d4e00000,0x00000000e9abf630,0x00000000f1a00000)
 PSPermGen       total 21504K, used 5407K [0x00000000ca800000, 0x00000000cbd00000, 0x00000000d4e00000)
  object space 21504K, 25% used [0x00000000ca800000,0x00000000cad47f48,0x00000000cbd00000)
GC Heap History (10 events):
Event: 1760.678 GC heap before
{Heap before GC invocations=2814 (full 63):
 PSYoungGen      total 230400K, used 226336K [0x00000000f1a00000, 0x00000000fff00000, 0x0000000100000000)
  eden space 226304K, 100% used [0x00000000f1a00000,0x00000000ff700000,0x00000000ff700000)
  from space 4096K, 0% used [0x00000000ff700000,0x00000000ff708000,0x00000000ffb00000)
  to   space 3584K, 0% used [0x00000000ffb80000,0x00000000ffb80000,0x00000000fff00000)
 ParOldGen       total 471040K, used 293989K [0x00000000d4e00000, 0x00000000f1a00000, 0x00000000f1a00000)
  object space 471040K, 62% used [0x00000000d4e00000,0x00000000e6d19648,0x00000000f1a00000)
 PSPermGen       total 21504K, used 5407K [0x00000000ca800000, 0x00000000cbd00000, 0x00000000d4e00000)
  object space 21504K, 25% used [0x00000000ca800000,0x00000000cad47f48,0x00000000cbd00000)
Event: 1760.683 GC heap after
Heap after GC invocations=2814 (full 63):
 PSYoungGen      total 230912K, used 32K [0x00000000f1a00000, 0x00000000fff80000, 0x0000000100000000)
  eden space 227328K, 0% used [0x00000000f1a00000,0x00000000f1a00000,0x00000000ff800000)
  from space 3584K, 0% used [0x00000000ffb80000,0x00000000ffb88000,0x00000000fff00000)
  to   space 3584K, 0% used [0x00000000ff800000,0x00000000ff800000,0x00000000ffb80000)
 ParOldGen       total 471040K, used 293989K [0x00000000d4e00000, 0x00000000f1a00000, 0x00000000f1a00000)
  object space 471040K, 62% used [0x00000000d4e00000,0x00000000e6d19648,0x00000000f1a00000)
 PSPermGen       total 21504K, used 5407K [0x00000000ca800000, 0x00000000cbd00000, 0x00000000d4e00000)
  object space 21504K, 25% used [0x00000000ca800000,0x00000000cad47f48,0x00000000cbd00000)
}
Event: 1761.102 GC heap before
{Heap before GC invocations=2815 (full 63):
 PSYoungGen      total 230912K, used 227360K [0x00000000f1a00000, 0x00000000fff80000, 0x0000000100000000)
  eden space 227328K, 100% used [0x00000000f1a00000,0x00000000ff800000,0x00000000ff800000)
  from space 3584K, 0% used [0x00000000ffb80000,0x00000000ffb88000,0x00000000fff00000)
  to   space 3584K, 0% used [0x00000000ff800000,0x00000000ff800000,0x00000000ffb80000)
 ParOldGen       total 471040K, used 293989K [0x00000000d4e00000, 0x00000000f1a00000, 0x00000000f1a00000)
  object space 471040K, 62% used [0x00000000d4e00000,0x00000000e6d19648,0x00000000f1a00000)
 PSPermGen       total 21504K, used 5407K [0x00000000ca800000, 0x00000000cbd00000, 0x00000000d4e00000)
  object space 21504K, 25% used [0x00000000ca800000,0x00000000cad47f48,0x00000000cbd00000)
Event: 1761.107 GC heap after
Heap after GC invocations=2815 (full 63):
 PSYoungGen      total 230912K, used 32K [0x00000000f1a00000, 0x00000000fff00000, 0x0000000100000000)
  eden space 227328K, 0% used [0x00000000f1a00000,0x00000000f1a00000,0x00000000ff800000)
  from space 3584K, 0% used [0x00000000ff800000,0x00000000ff808000,0x00000000ffb80000)
  to   space 3072K, 0% used [0x00000000ffc00000,0x00000000ffc00000,0x00000000fff00000)
 ParOldGen       total 471040K, used 293989K [0x00000000d4e00000, 0x00000000f1a00000, 0x00000000f1a00000)
  object space 471040K, 62% used [0x00000000d4e00000,0x00000000e6d19648,0x00000000f1a00000)
 PSPermGen       total 21504K, used 5407K [0x00000000ca800000, 0x00000000cbd00000, 0x00000000d4e00000)
  object space 21504K, 25% used [0x00000000ca800000,0x00000000cad47f48,0x00000000cbd00000)
}
Event: 1761.524 GC heap before
{Heap before GC invocations=2816 (full 63):
 PSYoungGen      total 230912K, used 227360K [0x00000000f1a00000, 0x00000000fff00000, 0x0000000100000000)
  eden space 227328K, 100% used [0x00000000f1a00000,0x00000000ff800000,0x00000000ff800000)
  from space 3584K, 0% used [0x00000000ff800000,0x00000000ff808000,0x00000000ffb80000)
  to   space 3072K, 0% used [0x00000000ffc00000,0x00000000ffc00000,0x00000000fff00000)
 ParOldGen       total 471040K, used 293989K [0x00000000d4e00000, 0x00000000f1a00000, 0x00000000f1a00000)
  object space 471040K, 62% used [0x00000000d4e00000,0x00000000e6d19648,0x00000000f1a00000)
 PSPermGen       total 21504K, used 5407K [0x00000000ca800000, 0x00000000cbd00000, 0x00000000d4e00000)
  object space 21504K, 25% used [0x00000000ca800000,0x00000000cad47f48,0x00000000cbd00000)
Event: 1761.527 GC heap after
Heap after GC invocations=2816 (full 63):
 PSYoungGen      total 231424K, used 32K [0x00000000f1a00000, 0x00000000fff80000, 0x0000000100000000)
  eden space 228352K, 0% used [0x00000000f1a00000,0x00000000f1a00000,0x00000000ff900000)
  from space 3072K, 1% used [0x00000000ffc00000,0x00000000ffc08000,0x00000000fff00000)
  to   space 3072K, 0% used [0x00000000ff900000,0x00000000ff900000,0x00000000ffc00000)
 ParOldGen       total 471040K, used 293989K [0x00000000d4e00000, 0x00000000f1a00000, 0x00000000f1a00000)
  object space 471040K, 62% used [0x00000000d4e00000,0x00000000e6d19648,0x00000000f1a00000)
 PSPermGen       total 21504K, used 5407K [0x00000000ca800000, 0x00000000cbd00000, 0x00000000d4e00000)
  object space 21504K, 25% used [0x00000000ca800000,0x00000000cad47f48,0x00000000cbd00000)
}
Event: 1763.592 GC heap before
{Heap before GC invocations=2817 (full 63):
 PSYoungGen      total 231424K, used 228384K [0x00000000f1a00000, 0x00000000fff80000, 0x0000000100000000)
  eden space 228352K, 100% used [0x00000000f1a00000,0x00000000ff900000,0x00000000ff900000)
  from space 3072K, 1% used [0x00000000ffc00000,0x00000000ffc08000,0x00000000fff00000)
  to   space 3072K, 0% used [0x00000000ff900000,0x00000000ff900000,0x00000000ffc00000)
 ParOldGen       total 471040K, used 293989K [0x00000000d4e00000, 0x00000000f1a00000, 0x00000000f1a00000)
  object space 471040K, 62% used [0x00000000d4e00000,0x00000000e6d19648,0x00000000f1a00000)
 PSPermGen       total 21504K, used 5407K [0x00000000ca800000, 0x00000000cbd00000, 0x00000000d4e00000)
  object space 21504K, 25% used [0x00000000ca800000,0x00000000cad47f48,0x00000000cbd00000)
Event: 1763.665 GC heap after
Heap after GC invocations=2817 (full 63):
 PSYoungGen      total 231424K, used 3041K [0x00000000f1a00000, 0x0000000100000000, 0x0000000100000000)
  eden space 228352K, 0% used [0x00000000f1a00000,0x00000000f1a00000,0x00000000ff900000)
  from space 3072K, 98% used [0x00000000ff900000,0x00000000ffbf8410,0x00000000ffc00000)
  to   space 4096K, 0% used [0x00000000ffc00000,0x00000000ffc00000,0x0000000100000000)
 ParOldGen       total 471040K, used 313726K [0x00000000d4e00000, 0x00000000f1a00000, 0x00000000f1a00000)
  object space 471040K, 66% used [0x00000000d4e00000,0x00000000e805f9a8,0x00000000f1a00000)
 PSPermGen       total 21504K, used 5407K [0x00000000ca800000, 0x00000000cbd00000, 0x00000000d4e00000)
  object space 21504K, 25% used [0x00000000ca800000,0x00000000cad47f48,0x00000000cbd00000)
}
Event: 1769.047 GC heap before
{Heap before GC invocations=2818 (full 63):
 PSYoungGen      total 231424K, used 231393K [0x00000000f1a00000, 0x0000000100000000, 0x0000000100000000)
  eden space 228352K, 100% used [0x00000000f1a00000,0x00000000ff900000,0x00000000ff900000)
  from space 3072K, 98% used [0x00000000ff900000,0x00000000ffbf8410,0x00000000ffc00000)
  to   space 4096K, 0% used [0x00000000ffc00000,0x00000000ffc00000,0x0000000100000000)
 ParOldGen       total 471040K, used 313726K [0x00000000d4e00000, 0x00000000f1a00000, 0x00000000f1a00000)
  object space 471040K, 66% used [0x00000000d4e00000,0x00000000e805f9a8,0x00000000f1a00000)
 PSPermGen       total 21504K, used 5407K [0x00000000ca800000, 0x00000000cbd00000, 0x00000000d4e00000)
  object space 21504K, 25% used [0x00000000ca800000,0x00000000cad47f48,0x00000000cbd00000)
Event: 1769.188 GC heap after
Heap after GC invocations=2818 (full 63):
 PSYoungGen      total 197632K, used 4096K [0x00000000f1a00000, 0x0000000100000000, 0x0000000100000000)
  eden space 193536K, 0% used [0x00000000f1a00000,0x00000000f1a00000,0x00000000fd700000)
  from space 4096K, 100% used [0x00000000ffc00000,0x0000000100000000,0x0000000100000000)
  to   space 20992K, 0% used [0x00000000fd700000,0x00000000fd700000,0x00000000feb80000)
 ParOldGen       total 471040K, used 340733K [0x00000000d4e00000, 0x00000000f1a00000, 0x00000000f1a00000)
  object space 471040K, 72% used [0x00000000d4e00000,0x00000000e9abf630,0x00000000f1a00000)
 PSPermGen       total 21504K, used 5407K [0x00000000ca800000, 0x00000000cbd00000, 0x00000000d4e00000)
  object space 21504K, 25% used [0x00000000ca800000,0x00000000cad47f48,0x00000000cbd00000)
}

